  main.cpp
C:\Users\michi\OneDrive - Avans Hogeschool\2018-2019\Blok 8\OS2\Eindopdracht OS\main.cpp(31): error C2039: 'function': is not a member of 'Queue'
  C:\Users\michi\OneDrive - Avans Hogeschool\2018-2019\Blok 8\OS2\Eindopdracht OS\Queue.h(8): note: see declaration of 'Queue'
C:\Users\michi\OneDrive - Avans Hogeschool\2018-2019\Blok 8\OS2\Eindopdracht OS\main.cpp(37): error C2665: 'std::thread::thread': none of the 3 overloads could convert all the argument types
  C:\Program Files (x86)\Microsoft Visual Studio\2019\Community\VC\Tools\MSVC\14.20.27508\include\thread(85): note: could be 'std::thread::thread(const std::thread &)'
  C:\Program Files (x86)\Microsoft Visual Studio\2019\Community\VC\Tools\MSVC\14.20.27508\include\thread(72): note: or       'std::thread::thread(std::thread &&) noexcept'
  C:\Program Files (x86)\Microsoft Visual Studio\2019\Community\VC\Tools\MSVC\14.20.27508\include\thread(30): note: or       'std::thread::thread(void) noexcept'
  C:\Users\michi\OneDrive - Avans Hogeschool\2018-2019\Blok 8\OS2\Eindopdracht OS\main.cpp(37): note: while trying to match the argument list '(overloaded-function)'
C:\Users\michi\OneDrive - Avans Hogeschool\2018-2019\Blok 8\OS2\Eindopdracht OS\main.cpp(38): error C2665: 'std::thread::thread': none of the 3 overloads could convert all the argument types
  C:\Program Files (x86)\Microsoft Visual Studio\2019\Community\VC\Tools\MSVC\14.20.27508\include\thread(85): note: could be 'std::thread::thread(const std::thread &)'
  C:\Program Files (x86)\Microsoft Visual Studio\2019\Community\VC\Tools\MSVC\14.20.27508\include\thread(72): note: or       'std::thread::thread(std::thread &&) noexcept'
  C:\Program Files (x86)\Microsoft Visual Studio\2019\Community\VC\Tools\MSVC\14.20.27508\include\thread(30): note: or       'std::thread::thread(void) noexcept'
  C:\Users\michi\OneDrive - Avans Hogeschool\2018-2019\Blok 8\OS2\Eindopdracht OS\main.cpp(38): note: while trying to match the argument list '(overloaded-function)'
C:\Users\michi\OneDrive - Avans Hogeschool\2018-2019\Blok 8\OS2\Eindopdracht OS\main.cpp(39): error C2665: 'std::thread::thread': none of the 3 overloads could convert all the argument types
  C:\Program Files (x86)\Microsoft Visual Studio\2019\Community\VC\Tools\MSVC\14.20.27508\include\thread(85): note: could be 'std::thread::thread(const std::thread &)'
  C:\Program Files (x86)\Microsoft Visual Studio\2019\Community\VC\Tools\MSVC\14.20.27508\include\thread(72): note: or       'std::thread::thread(std::thread &&) noexcept'
  C:\Program Files (x86)\Microsoft Visual Studio\2019\Community\VC\Tools\MSVC\14.20.27508\include\thread(30): note: or       'std::thread::thread(void) noexcept'
  C:\Users\michi\OneDrive - Avans Hogeschool\2018-2019\Blok 8\OS2\Eindopdracht OS\main.cpp(39): note: while trying to match the argument list '(overloaded-function)'
C:\Users\michi\OneDrive - Avans Hogeschool\2018-2019\Blok 8\OS2\Eindopdracht OS\main.cpp(40): error C2665: 'std::thread::thread': none of the 3 overloads could convert all the argument types
  C:\Program Files (x86)\Microsoft Visual Studio\2019\Community\VC\Tools\MSVC\14.20.27508\include\thread(85): note: could be 'std::thread::thread(const std::thread &)'
  C:\Program Files (x86)\Microsoft Visual Studio\2019\Community\VC\Tools\MSVC\14.20.27508\include\thread(72): note: or       'std::thread::thread(std::thread &&) noexcept'
  C:\Program Files (x86)\Microsoft Visual Studio\2019\Community\VC\Tools\MSVC\14.20.27508\include\thread(30): note: or       'std::thread::thread(void) noexcept'
  C:\Users\michi\OneDrive - Avans Hogeschool\2018-2019\Blok 8\OS2\Eindopdracht OS\main.cpp(40): note: while trying to match the argument list '(overloaded-function)'
  Queue.cpp
C:\Users\michi\OneDrive - Avans Hogeschool\2018-2019\Blok 8\OS2\Eindopdracht OS\Queue.cpp(110): error C2597: illegal reference to non-static member 'Queue::busy'
C:\Users\michi\OneDrive - Avans Hogeschool\2018-2019\Blok 8\OS2\Eindopdracht OS\Queue.cpp(110): error C2664: 'void EnterCriticalSection(LPCRITICAL_SECTION)': cannot convert argument 1 from 'CRITICAL_SECTION Queue::* ' to 'LPCRITICAL_SECTION'
  C:\Users\michi\OneDrive - Avans Hogeschool\2018-2019\Blok 8\OS2\Eindopdracht OS\Queue.cpp(110): note: There is no context in which this conversion is possible
C:\Users\michi\OneDrive - Avans Hogeschool\2018-2019\Blok 8\OS2\Eindopdracht OS\Queue.cpp(111): error C2597: illegal reference to non-static member 'Queue::count'
C:\Users\michi\OneDrive - Avans Hogeschool\2018-2019\Blok 8\OS2\Eindopdracht OS\Queue.cpp(111): error C3867: 'Queue::count': non-standard syntax; use '&' to create a pointer to member
C:\Users\michi\OneDrive - Avans Hogeschool\2018-2019\Blok 8\OS2\Eindopdracht OS\Queue.cpp(112): error C2597: illegal reference to non-static member 'Queue::busy'
C:\Users\michi\OneDrive - Avans Hogeschool\2018-2019\Blok 8\OS2\Eindopdracht OS\Queue.cpp(112): error C2664: 'void LeaveCriticalSection(LPCRITICAL_SECTION)': cannot convert argument 1 from 'CRITICAL_SECTION Queue::* ' to 'LPCRITICAL_SECTION'
  C:\Users\michi\OneDrive - Avans Hogeschool\2018-2019\Blok 8\OS2\Eindopdracht OS\Queue.cpp(112): note: There is no context in which this conversion is possible
C:\Users\michi\OneDrive - Avans Hogeschool\2018-2019\Blok 8\OS2\Eindopdracht OS\Queue.cpp(113): error C2597: illegal reference to non-static member 'Queue::canInput'
C:\Users\michi\OneDrive - Avans Hogeschool\2018-2019\Blok 8\OS2\Eindopdracht OS\Queue.cpp(114): error C2597: illegal reference to non-static member 'Queue::busy'
C:\Users\michi\OneDrive - Avans Hogeschool\2018-2019\Blok 8\OS2\Eindopdracht OS\Queue.cpp(114): error C2664: 'void EnterCriticalSection(LPCRITICAL_SECTION)': cannot convert argument 1 from 'CRITICAL_SECTION Queue::* ' to 'LPCRITICAL_SECTION'
  C:\Users\michi\OneDrive - Avans Hogeschool\2018-2019\Blok 8\OS2\Eindopdracht OS\Queue.cpp(114): note: There is no context in which this conversion is possible
C:\Users\michi\OneDrive - Avans Hogeschool\2018-2019\Blok 8\OS2\Eindopdracht OS\Queue.cpp(121): error C2440: 'type cast': cannot convert from 'unknown' to 'char *'
  C:\Users\michi\OneDrive - Avans Hogeschool\2018-2019\Blok 8\OS2\Eindopdracht OS\Queue.cpp(121): note: There is no context in which this conversion is possible
C:\Users\michi\OneDrive - Avans Hogeschool\2018-2019\Blok 8\OS2\Eindopdracht OS\Queue.cpp(122): error C2597: illegal reference to non-static member 'Queue::sample'
C:\Users\michi\OneDrive - Avans Hogeschool\2018-2019\Blok 8\OS2\Eindopdracht OS\Queue.cpp(122): error C3867: 'Queue::sample': non-standard syntax; use '&' to create a pointer to member
C:\Users\michi\OneDrive - Avans Hogeschool\2018-2019\Blok 8\OS2\Eindopdracht OS\Queue.cpp(122): error C2568: '=': unable to resolve function overload
C:\Users\michi\OneDrive - Avans Hogeschool\2018-2019\Blok 8\OS2\Eindopdracht OS\Queue.cpp(125): error C2597: illegal reference to non-static member 'Queue::inputPos'
C:\Users\michi\OneDrive - Avans Hogeschool\2018-2019\Blok 8\OS2\Eindopdracht OS\Queue.cpp(125): error C3867: 'Queue::inputPos': non-standard syntax; use '&' to create a pointer to member
C:\Users\michi\OneDrive - Avans Hogeschool\2018-2019\Blok 8\OS2\Eindopdracht OS\Queue.cpp(125): error C2568: '=': unable to resolve function overload
C:\Users\michi\OneDrive - Avans Hogeschool\2018-2019\Blok 8\OS2\Eindopdracht OS\Queue.cpp(126): error C2597: illegal reference to non-static member 'Queue::inputPos'
C:\Users\michi\OneDrive - Avans Hogeschool\2018-2019\Blok 8\OS2\Eindopdracht OS\Queue.cpp(126): error C2597: illegal reference to non-static member 'Queue::buffer'
C:\Users\michi\OneDrive - Avans Hogeschool\2018-2019\Blok 8\OS2\Eindopdracht OS\Queue.cpp(126): error C3867: 'Queue::buffer': non-standard syntax; use '&' to create a pointer to member
C:\Users\michi\OneDrive - Avans Hogeschool\2018-2019\Blok 8\OS2\Eindopdracht OS\Queue.cpp(126): error C3867: 'Queue::inputPos': non-standard syntax; use '&' to create a pointer to member
C:\Users\michi\OneDrive - Avans Hogeschool\2018-2019\Blok 8\OS2\Eindopdracht OS\Queue.cpp(126): error C2568: '[': unable to resolve function overload
C:\Users\michi\OneDrive - Avans Hogeschool\2018-2019\Blok 8\OS2\Eindopdracht OS\Queue.cpp(127): error C2597: illegal reference to non-static member 'Queue::inputPos'
C:\Users\michi\OneDrive - Avans Hogeschool\2018-2019\Blok 8\OS2\Eindopdracht OS\Queue.cpp(127): error C2597: illegal reference to non-static member 'Queue::buffer'
C:\Users\michi\OneDrive - Avans Hogeschool\2018-2019\Blok 8\OS2\Eindopdracht OS\Queue.cpp(127): error C3867: 'Queue::buffer': non-standard syntax; use '&' to create a pointer to member
C:\Users\michi\OneDrive - Avans Hogeschool\2018-2019\Blok 8\OS2\Eindopdracht OS\Queue.cpp(127): error C3867: 'Queue::inputPos': non-standard syntax; use '&' to create a pointer to member
C:\Users\michi\OneDrive - Avans Hogeschool\2018-2019\Blok 8\OS2\Eindopdracht OS\Queue.cpp(127): error C2568: '[': unable to resolve function overload
C:\Users\michi\OneDrive - Avans Hogeschool\2018-2019\Blok 8\OS2\Eindopdracht OS\Queue.cpp(128): error C2597: illegal reference to non-static member 'Queue::inputPos'
C:\Users\michi\OneDrive - Avans Hogeschool\2018-2019\Blok 8\OS2\Eindopdracht OS\Queue.cpp(128): error C3867: 'Queue::inputPos': non-standard syntax; use '&' to create a pointer to member
C:\Users\michi\OneDrive - Avans Hogeschool\2018-2019\Blok 8\OS2\Eindopdracht OS\Queue.cpp(128): error C2597: illegal reference to non-static member 'Queue::treblePos'
C:\Users\michi\OneDrive - Avans Hogeschool\2018-2019\Blok 8\OS2\Eindopdracht OS\Queue.cpp(130): error C2597: illegal reference to non-static member 'Queue::canTreble'
C:\Users\michi\OneDrive - Avans Hogeschool\2018-2019\Blok 8\OS2\Eindopdracht OS\Queue.cpp(131): error C2597: illegal reference to non-static member 'Queue::canInput'
C:\Users\michi\OneDrive - Avans Hogeschool\2018-2019\Blok 8\OS2\Eindopdracht OS\Queue.cpp(132): error C2597: illegal reference to non-static member 'Queue::busy'
C:\Users\michi\OneDrive - Avans Hogeschool\2018-2019\Blok 8\OS2\Eindopdracht OS\Queue.cpp(132): error C2664: 'void LeaveCriticalSection(LPCRITICAL_SECTION)': cannot convert argument 1 from 'CRITICAL_SECTION Queue::* ' to 'LPCRITICAL_SECTION'
  C:\Users\michi\OneDrive - Avans Hogeschool\2018-2019\Blok 8\OS2\Eindopdracht OS\Queue.cpp(132): note: There is no context in which this conversion is possible
  Generating Code...
